<?xml version="1.0" encoding="UTF-8"?>
<testsuites name="" tests="13" skipped="0" failures="0" errors="0" time="1.604633229">
  <testsuite name="Data Product update" tests="13" skipped="0" failures="0" errors="0" time="1.603613291">
    <testcase name="Success scenario for updating a data product M(1) " status="passed" time="0.121899776"></testcase>
    <testcase name="Success scenario for updating a data product M(2) " status="passed" time="0.123092978"></testcase>
    <testcase name="Success scenario for updating a data product M(3) " status="passed" time="0.12206528"></testcase>
    <testcase name="Success scenario for updating a data product M(4) " status="passed" time="0.121731862"></testcase>
    <testcase name="Success scenario for updating a data product M(5) " status="passed" time="0.121212256"></testcase>
    <testcase name="Success scenario for updating a data product M(6) " status="passed" time="0.122717902"></testcase>
    <testcase name="Success scenario for updating a data product M(7) " status="passed" time="0.123298707"></testcase>
    <testcase name="Success scenario for updating a data product M(8) " status="passed" time="0.121962056"></testcase>
    <testcase name="Fail scenario for updating data product E1(1) " status="passed" time="0.121489598"></testcase>
    <testcase name="Fail scenario for updating data product E1(2) " status="passed" time="0.12172516"></testcase>
    <testcase name="Fail scenario for updating data product E1(3) " status="passed" time="0.125757265"></testcase>
    <testcase name="Fail scenario for updating data product E1(4) " status="passed" time="0.123970795"></testcase>
    <testcase name="Fail scenario for updating data product E1(5) " status="passed" time="0.123240773"></testcase>
  </testsuite>
</testsuites>