<?xml version="1.0" encoding="UTF-8"?>
<testsuites name="" tests="37" skipped="0" failures="1" errors="0" time="5.841533177">
  <testsuite name="Data Product ruleset add" tests="37" skipped="0" failures="1" errors="0" time="5.841410688">
    <testcase name="Success scenario for adding ruleset to data product M(1) " status="passed" time="0.131764449"></testcase>
    <testcase name="Success scenario for adding ruleset to data product M(2) " status="passed" time="0.128328768"></testcase>
    <testcase name="Success scenario for adding ruleset to data product M(3) " status="passed" time="0.120428784"></testcase>
    <testcase name="Success scenario for adding ruleset to data product M(4) " status="passed" time="0.308282089"></testcase>
    <testcase name="Success scenario for adding ruleset to data product M(5) " status="passed" time="0.129639028"></testcase>
    <testcase name="Success scenario for adding ruleset to data product M(6) " status="passed" time="0.129284495"></testcase>
    <testcase name="Success scenario for adding ruleset to data product M(7) " status="passed" time="0.120924587"></testcase>
    <testcase name="Success scenario for adding ruleset to data product M(8) " status="passed" time="0.300985142"></testcase>
    <testcase name="Success scenario for adding ruleset to data product M(9) " status="passed" time="0.13078942"></testcase>
    <testcase name="Success scenario for adding ruleset to data product M(10) " status="passed" time="0.128899894"></testcase>
    <testcase name="Success scenario for adding ruleset to data product M(11) " status="passed" time="0.12883879"></testcase>
    <testcase name="Success scenario for adding ruleset to data product M(12) " status="passed" time="0.128300998"></testcase>
    <testcase name="Success scenario for adding ruleset to data product M(13) " status="passed" time="0.288204499"></testcase>
    <testcase name="Success scenario for adding ruleset to data product M(14) " status="passed" time="0.129835072"></testcase>
    <testcase name="Success scenario for adding ruleset to data product M(15) " status="passed" time="0.12847782"></testcase>
    <testcase name="Success scenario for adding ruleset to data product M(16) " status="passed" time="0.127935118"></testcase>
    <testcase name="Success scenario for adding ruleset to data product M(17) " status="passed" time="0.127802555"></testcase>
    <testcase name="Success scenario for adding ruleset to data product M(18) " status="passed" time="0.12938037"></testcase>
    <testcase name="Success scenario for adding ruleset to data product M(19) " status="passed" time="0.128278098"></testcase>
    <testcase name="Success scenario for adding ruleset to data product M(20) " status="passed" time="0.127885568"></testcase>
    <testcase name="Success scenario for adding ruleset to data product M(21) " status="passed" time="0.12777916"></testcase>
    <testcase name="Scenario for repeatedly adding ruleset to data product E1(1) " status="passed" time="0.239585842"></testcase>
    <testcase name="Scenario for repeatedly adding ruleset to data product E1(2) " status="failed" time="0.245973634">
      <failure message="Step CLI returns exit code 1: add ruleset should fail"></failure>
    </testcase>
    <testcase name="Fail scenario for adding ruleset to data product E2(1) " status="passed" time="0.122443237"></testcase>
    <testcase name="Fail scenario for adding ruleset to data product E2(2) " status="passed" time="0.118128922"></testcase>
    <testcase name="Fail scenario for adding ruleset to data product E2(3) " status="passed" time="0.14181507"></testcase>
    <testcase name="Fail scenario for adding ruleset to data product E2(4) " status="passed" time="0.126397959"></testcase>
    <testcase name="Fail scenario for adding ruleset to data product E2(5) " status="passed" time="0.122471292"></testcase>
    <testcase name="Fail scenario for adding ruleset to data product E2(6) " status="passed" time="0.124116201"></testcase>
    <testcase name="Fail scenario for adding ruleset to data product E2(7) " status="passed" time="0.12277716"></testcase>
    <testcase name="Fail scenario for adding ruleset to data product E2(8) " status="passed" time="0.119186813"></testcase>
    <testcase name="Fail scenario for adding ruleset to data product E2(9) " status="passed" time="0.128060794"></testcase>
    <testcase name="Fail scenario for adding ruleset to data product E2(10) " status="passed" time="0.122341439"></testcase>
    <testcase name="Fail scenario for adding ruleset to data product E2(11) " status="passed" time="0.123098909"></testcase>
    <testcase name="Fail scenario for adding ruleset to data product E2(12) " status="passed" time="0.122955082"></testcase>
    <testcase name="Fail scenario for adding ruleset to data product E2(13) " status="passed" time="0.123777846"></testcase>
    <testcase name="Fail scenario for adding ruleset to data product E2(14) " status="passed" time="0.121225432"></testcase>
  </testsuite>
</testsuites>