<?xml version="1.0" encoding="UTF-8"?>
<testsuites name="" tests="11" skipped="0" failures="11" errors="0" time="1266.375512085">
  <testsuite name="Gravity2 MSSQL to MySQL - Component restart while No data changes" tests="6" skipped="0" failures="6" errors="0" time="690.808516329">
    <testcase name="After synchronizing changes, restart the component, wait for it ready, then add, update, or delete data M(1) " status="failed" time="115.101502009">
      <failure message="Step Start the &#34;atomic&#34; service (timeout &#34;60&#34;): the service &#39;atomic&#39; timed out within 60 seconds"></failure>
      <error message="Step Start the &#34;gravity-adapter-mssql&#34; service (timeout &#34;60&#34;)" type="skipped"></error>
      <error message="Step &#34;source-mssql&#34; table &#34;Accounts&#34; has &#34;0&#34; data (timeout &#34;3&#34;)" type="skipped"></error>
      <error message="Step &#34;source-mssql&#34; table &#34;Accounts&#34; inserted &#34;1000&#34; data (starting ID &#34;1&#34;)" type="skipped"></error>
      <error message="Step &#34;target-mysql&#34; has the same content as &#34;source-mssql&#34; in &#34;Accounts&#34; (timeout &#34;90&#34;)" type="skipped"></error>
      <error message="Step docker compose &#34;stop&#34; service &#34;gravity-adapter-mssql&#34; (in &#34;foreground&#34;)" type="skipped"></error>
      <error message="Step container &#34;gravity-adapter-mssql&#34; was &#34;exited&#34; (timeout &#34;120&#34;)" type="skipped"></error>
      <error message="Step docker compose &#34;start&#34; service &#34;gravity-adapter-mssql&#34; (in &#34;foreground&#34;)" type="skipped"></error>
      <error message="Step container &#34;gravity-adapter-mssql&#34; ready (timeout &#34;120&#34;)" type="skipped"></error>
      <error message="Step &#34;source-mssql&#34; table &#34;Accounts&#34; updated &#34;1000&#34; data - appending suffix &#39;updated&#39; to each Name field (starting ID &#34;1&#34;)" type="skipped"></error>
      <error message="Step &#34;source-mssql&#34; table &#34;Accounts&#34; inserted &#34;1000&#34; data (starting ID &#34;1001&#34;)" type="skipped"></error>
      <error message="Step &#34;target-mysql&#34; has the same content as &#34;source-mssql&#34; in &#34;Accounts&#34; (timeout &#34;90&#34;)" type="skipped"></error>
      <error message="Step &#34;source-mssql&#34; table &#34;Accounts&#34; cleared" type="skipped"></error>
      <error message="Step &#34;target-mysql&#34; table &#34;Accounts&#34; has &#34;0&#34; data (timeout &#34;120&#34;)" type="skipped"></error>
    </testcase>
    <testcase name="After synchronizing changes, restart the component, wait for it ready, then add, update, or delete data M(2) " status="failed" time="114.999311503">
      <failure message="Step Start the &#34;atomic&#34; service (timeout &#34;60&#34;): the service &#39;atomic&#39; timed out within 60 seconds"></failure>
      <error message="Step Start the &#34;gravity-adapter-mssql&#34; service (timeout &#34;60&#34;)" type="skipped"></error>
      <error message="Step &#34;source-mssql&#34; table &#34;Accounts&#34; has &#34;0&#34; data (timeout &#34;3&#34;)" type="skipped"></error>
      <error message="Step &#34;source-mssql&#34; table &#34;Accounts&#34; inserted &#34;1000&#34; data (starting ID &#34;1&#34;)" type="skipped"></error>
      <error message="Step &#34;target-mysql&#34; has the same content as &#34;source-mssql&#34; in &#34;Accounts&#34; (timeout &#34;90&#34;)" type="skipped"></error>
      <error message="Step docker compose &#34;stop&#34; service &#34;gravity-dispatcher&#34; (in &#34;foreground&#34;)" type="skipped"></error>
      <error message="Step container &#34;gravity-dispatcher&#34; was &#34;exited&#34; (timeout &#34;120&#34;)" type="skipped"></error>
      <error message="Step docker compose &#34;start&#34; service &#34;gravity-dispatcher&#34; (in &#34;foreground&#34;)" type="skipped"></error>
      <error message="Step container &#34;gravity-dispatcher&#34; ready (timeout &#34;120&#34;)" type="skipped"></error>
      <error message="Step &#34;source-mssql&#34; table &#34;Accounts&#34; updated &#34;1000&#34; data - appending suffix &#39;updated&#39; to each Name field (starting ID &#34;1&#34;)" type="skipped"></error>
      <error message="Step &#34;source-mssql&#34; table &#34;Accounts&#34; inserted &#34;1000&#34; data (starting ID &#34;1001&#34;)" type="skipped"></error>
      <error message="Step &#34;target-mysql&#34; has the same content as &#34;source-mssql&#34; in &#34;Accounts&#34; (timeout &#34;90&#34;)" type="skipped"></error>
      <error message="Step &#34;source-mssql&#34; table &#34;Accounts&#34; cleared" type="skipped"></error>
      <error message="Step &#34;target-mysql&#34; table &#34;Accounts&#34; has &#34;0&#34; data (timeout &#34;120&#34;)" type="skipped"></error>
    </testcase>
    <testcase name="After synchronizing changes, restart the component, wait for it ready, then add, update, or delete data M(3) " status="failed" time="115.165711566">
      <failure message="Step Start the &#34;atomic&#34; service (timeout &#34;60&#34;): the service &#39;atomic&#39; timed out within 60 seconds"></failure>
      <error message="Step Start the &#34;gravity-adapter-mssql&#34; service (timeout &#34;60&#34;)" type="skipped"></error>
      <error message="Step &#34;source-mssql&#34; table &#34;Accounts&#34; has &#34;0&#34; data (timeout &#34;3&#34;)" type="skipped"></error>
      <error message="Step &#34;source-mssql&#34; table &#34;Accounts&#34; inserted &#34;1000&#34; data (starting ID &#34;1&#34;)" type="skipped"></error>
      <error message="Step &#34;target-mysql&#34; has the same content as &#34;source-mssql&#34; in &#34;Accounts&#34; (timeout &#34;90&#34;)" type="skipped"></error>
      <error message="Step docker compose &#34;stop&#34; service &#34;nats-jetstream&#34; (in &#34;foreground&#34;)" type="skipped"></error>
      <error message="Step container &#34;nats-jetstream&#34; was &#34;exited&#34; (timeout &#34;120&#34;)" type="skipped"></error>
      <error message="Step docker compose &#34;start&#34; service &#34;nats-jetstream&#34; (in &#34;foreground&#34;)" type="skipped"></error>
      <error message="Step container &#34;nats-jetstream&#34; ready (timeout &#34;120&#34;)" type="skipped"></error>
      <error message="Step &#34;source-mssql&#34; table &#34;Accounts&#34; updated &#34;1000&#34; data - appending suffix &#39;updated&#39; to each Name field (starting ID &#34;1&#34;)" type="skipped"></error>
      <error message="Step &#34;source-mssql&#34; table &#34;Accounts&#34; inserted &#34;1000&#34; data (starting ID &#34;1001&#34;)" type="skipped"></error>
      <error message="Step &#34;target-mysql&#34; has the same content as &#34;source-mssql&#34; in &#34;Accounts&#34; (timeout &#34;90&#34;)" type="skipped"></error>
      <error message="Step &#34;source-mssql&#34; table &#34;Accounts&#34; cleared" type="skipped"></error>
      <error message="Step &#34;target-mysql&#34; table &#34;Accounts&#34; has &#34;0&#34; data (timeout &#34;120&#34;)" type="skipped"></error>
    </testcase>
    <testcase name="After synchronizing changes, restart the component, wait for it ready, then add, update, or delete data M(4) " status="failed" time="115.223453012">
      <failure message="Step Start the &#34;atomic&#34; service (timeout &#34;60&#34;): the service &#39;atomic&#39; timed out within 60 seconds"></failure>
      <error message="Step Start the &#34;gravity-adapter-mssql&#34; service (timeout &#34;60&#34;)" type="skipped"></error>
      <error message="Step &#34;source-mssql&#34; table &#34;Accounts&#34; has &#34;0&#34; data (timeout &#34;3&#34;)" type="skipped"></error>
      <error message="Step &#34;source-mssql&#34; table &#34;Accounts&#34; inserted &#34;1000&#34; data (starting ID &#34;1&#34;)" type="skipped"></error>
      <error message="Step &#34;target-mysql&#34; has the same content as &#34;source-mssql&#34; in &#34;Accounts&#34; (timeout &#34;90&#34;)" type="skipped"></error>
      <error message="Step docker compose &#34;stop&#34; service &#34;atomic&#34; (in &#34;foreground&#34;)" type="skipped"></error>
      <error message="Step container &#34;atomic&#34; was &#34;exited&#34; (timeout &#34;120&#34;)" type="skipped"></error>
      <error message="Step docker compose &#34;start&#34; service &#34;atomic&#34; (in &#34;foreground&#34;)" type="skipped"></error>
      <error message="Step container &#34;atomic&#34; ready (timeout &#34;120&#34;)" type="skipped"></error>
      <error message="Step &#34;source-mssql&#34; table &#34;Accounts&#34; updated &#34;1000&#34; data - appending suffix &#39;updated&#39; to each Name field (starting ID &#34;1&#34;)" type="skipped"></error>
      <error message="Step &#34;source-mssql&#34; table &#34;Accounts&#34; inserted &#34;1000&#34; data (starting ID &#34;1001&#34;)" type="skipped"></error>
      <error message="Step &#34;target-mysql&#34; has the same content as &#34;source-mssql&#34; in &#34;Accounts&#34; (timeout &#34;90&#34;)" type="skipped"></error>
      <error message="Step &#34;source-mssql&#34; table &#34;Accounts&#34; cleared" type="skipped"></error>
      <error message="Step &#34;target-mysql&#34; table &#34;Accounts&#34; has &#34;0&#34; data (timeout &#34;120&#34;)" type="skipped"></error>
    </testcase>
    <testcase name="After synchronizing changes, restart the component, wait for it ready, then add, update, or delete data M(5) " status="failed" time="115.124201687">
      <failure message="Step Start the &#34;atomic&#34; service (timeout &#34;60&#34;): the service &#39;atomic&#39; timed out within 60 seconds"></failure>
      <error message="Step Start the &#34;gravity-adapter-mssql&#34; service (timeout &#34;60&#34;)" type="skipped"></error>
      <error message="Step &#34;source-mssql&#34; table &#34;Accounts&#34; has &#34;0&#34; data (timeout &#34;3&#34;)" type="skipped"></error>
      <error message="Step &#34;source-mssql&#34; table &#34;Accounts&#34; inserted &#34;1000&#34; data (starting ID &#34;1&#34;)" type="skipped"></error>
      <error message="Step &#34;target-mysql&#34; has the same content as &#34;source-mssql&#34; in &#34;Accounts&#34; (timeout &#34;90&#34;)" type="skipped"></error>
      <error message="Step docker compose &#34;stop&#34; service &#34;source-mssql&#34; (in &#34;foreground&#34;)" type="skipped"></error>
      <error message="Step container &#34;source-mssql&#34; was &#34;exited&#34; (timeout &#34;120&#34;)" type="skipped"></error>
      <error message="Step docker compose &#34;start&#34; service &#34;source-mssql&#34; (in &#34;foreground&#34;)" type="skipped"></error>
      <error message="Step container &#34;source-mssql&#34; ready (timeout &#34;120&#34;)" type="skipped"></error>
      <error message="Step &#34;source-mssql&#34; table &#34;Accounts&#34; updated &#34;1000&#34; data - appending suffix &#39;updated&#39; to each Name field (starting ID &#34;1&#34;)" type="skipped"></error>
      <error message="Step &#34;source-mssql&#34; table &#34;Accounts&#34; inserted &#34;1000&#34; data (starting ID &#34;1001&#34;)" type="skipped"></error>
      <error message="Step &#34;target-mysql&#34; has the same content as &#34;source-mssql&#34; in &#34;Accounts&#34; (timeout &#34;90&#34;)" type="skipped"></error>
      <error message="Step &#34;source-mssql&#34; table &#34;Accounts&#34; cleared" type="skipped"></error>
      <error message="Step &#34;target-mysql&#34; table &#34;Accounts&#34; has &#34;0&#34; data (timeout &#34;120&#34;)" type="skipped"></error>
    </testcase>
    <testcase name="After synchronizing changes, restart the component, wait for it ready, then add, update, or delete data M(6) " status="failed" time="115.190009773">
      <failure message="Step Start the &#34;atomic&#34; service (timeout &#34;60&#34;): the service &#39;atomic&#39; timed out within 60 seconds"></failure>
      <error message="Step Start the &#34;gravity-adapter-mssql&#34; service (timeout &#34;60&#34;)" type="skipped"></error>
      <error message="Step &#34;source-mssql&#34; table &#34;Accounts&#34; has &#34;0&#34; data (timeout &#34;3&#34;)" type="skipped"></error>
      <error message="Step &#34;source-mssql&#34; table &#34;Accounts&#34; inserted &#34;1000&#34; data (starting ID &#34;1&#34;)" type="skipped"></error>
      <error message="Step &#34;target-mysql&#34; has the same content as &#34;source-mssql&#34; in &#34;Accounts&#34; (timeout &#34;90&#34;)" type="skipped"></error>
      <error message="Step docker compose &#34;stop&#34; service &#34;target-mysql&#34; (in &#34;foreground&#34;)" type="skipped"></error>
      <error message="Step container &#34;target-mysql&#34; was &#34;exited&#34; (timeout &#34;120&#34;)" type="skipped"></error>
      <error message="Step docker compose &#34;start&#34; service &#34;target-mysql&#34; (in &#34;foreground&#34;)" type="skipped"></error>
      <error message="Step container &#34;target-mysql&#34; ready (timeout &#34;120&#34;)" type="skipped"></error>
      <error message="Step &#34;source-mssql&#34; table &#34;Accounts&#34; updated &#34;1000&#34; data - appending suffix &#39;updated&#39; to each Name field (starting ID &#34;1&#34;)" type="skipped"></error>
      <error message="Step &#34;source-mssql&#34; table &#34;Accounts&#34; inserted &#34;1000&#34; data (starting ID &#34;1001&#34;)" type="skipped"></error>
      <error message="Step &#34;target-mysql&#34; has the same content as &#34;source-mssql&#34; in &#34;Accounts&#34; (timeout &#34;90&#34;)" type="skipped"></error>
      <error message="Step &#34;source-mssql&#34; table &#34;Accounts&#34; cleared" type="skipped"></error>
      <error message="Step &#34;target-mysql&#34; table &#34;Accounts&#34; has &#34;0&#34; data (timeout &#34;120&#34;)" type="skipped"></error>
    </testcase>
  </testsuite>
  <testsuite name="Gravity2 MSSQL to MySQL - Service restart during data transfer" tests="5" skipped="0" failures="5" errors="0" time="575.566015694">
    <testcase name="Perform insertions, updates, or deletions of data, and restart services during data transfer. M(1) " status="failed" time="115.264057349">
      <failure message="Step Start the &#34;atomic&#34; service (timeout &#34;60&#34;): the service &#39;atomic&#39; timed out within 60 seconds"></failure>
      <error message="Step Start the &#34;gravity-adapter-mssql&#34; service (timeout &#34;60&#34;)" type="skipped"></error>
      <error message="Step &#34;source-mssql&#34; table &#34;Accounts&#34; has &#34;0&#34; data (timeout &#34;3&#34;)" type="skipped"></error>
      <error message="Step &#34;source-mssql&#34; table &#34;Accounts&#34; continuously inserting &#34;3000&#34; data (starting ID &#34;1&#34;)" type="skipped"></error>
      <error message="Step docker compose &#34;stop&#34; service &#34;gravity-adapter-mssql&#34; (in &#34;foreground&#34;)" type="skipped"></error>
      <error message="Step container &#34;gravity-adapter-mssql&#34; was &#34;exited&#34; (timeout &#34;120&#34;)" type="skipped"></error>
      <error message="Step docker compose &#34;start&#34; service &#34;gravity-adapter-mssql&#34; (in &#34;foreground&#34;)" type="skipped"></error>
      <error message="Step container &#34;gravity-adapter-mssql&#34; ready (timeout &#34;120&#34;)" type="skipped"></error>
      <error message="Step wait for &#34;source-mssql&#34; table &#34;Accounts&#34; insertion to complete (timeout &#34;120&#34;)" type="skipped"></error>
      <error message="Step Check the nats stream DP has correct messages (timeout &#34;10&#34;)" type="skipped"></error>
      <error message="Step &#34;target-mysql&#34; has the same content as &#34;source-mssql&#34; in &#34;Accounts&#34; (timeout &#34;90&#34;)" type="skipped"></error>
      <error message="Step &#34;source-mssql&#34; table &#34;Accounts&#34; continuously updating &#34;3000&#34; data - appending suffix &#39;updated&#39; to each Name field (starting ID &#34;1&#34;) and inserting &#34;1000&#34; data (starting ID &#34;3001&#34;)" type="skipped"></error>
      <error message="Step docker compose &#34;stop&#34; service &#34;gravity-adapter-mssql&#34; (in &#34;foreground&#34;)" type="skipped"></error>
      <error message="Step container &#34;gravity-adapter-mssql&#34; was &#34;exited&#34; (timeout &#34;120&#34;)" type="skipped"></error>
      <error message="Step docker compose &#34;start&#34; service &#34;gravity-adapter-mssql&#34; (in &#34;foreground&#34;)" type="skipped"></error>
      <error message="Step container &#34;gravity-adapter-mssql&#34; ready (timeout &#34;120&#34;)" type="skipped"></error>
      <error message="Step wait for &#34;source-mssql&#34; table &#34;Accounts&#34; update and insertion to complete (timeout &#34;120&#34;)" type="skipped"></error>
      <error message="Step Check the nats stream DP has correct messages (timeout &#34;10&#34;)" type="skipped"></error>
      <error message="Step &#34;target-mysql&#34; has the same content as &#34;source-mssql&#34; in &#34;Accounts&#34; (timeout &#34;90&#34;)" type="skipped"></error>
      <error message="Step &#34;source-mssql&#34; table &#34;Accounts&#34; continuous cleanup" type="skipped"></error>
      <error message="Step docker compose &#34;stop&#34; service &#34;gravity-adapter-mssql&#34; (in &#34;foreground&#34;)" type="skipped"></error>
      <error message="Step container &#34;gravity-adapter-mssql&#34; was &#34;exited&#34; (timeout &#34;120&#34;)" type="skipped"></error>
      <error message="Step docker compose &#34;start&#34; service &#34;gravity-adapter-mssql&#34; (in &#34;foreground&#34;)" type="skipped"></error>
      <error message="Step container &#34;gravity-adapter-mssql&#34; ready (timeout &#34;120&#34;)" type="skipped"></error>
      <error message="Step wait for &#34;source-mssql&#34; table &#34;Accounts&#34; cleanup to complete (timeout &#34;120&#34;)" type="skipped"></error>
      <error message="Step Check the nats stream DP has correct messages (timeout &#34;10&#34;)" type="skipped"></error>
      <error message="Step &#34;target-mysql&#34; table &#34;Accounts&#34; has &#34;0&#34; data (timeout &#34;120&#34;)" type="skipped"></error>
    </testcase>
    <testcase name="Perform insertions, updates, or deletions of data, and restart services during data transfer. M(2) " status="failed" time="115.087180909">
      <failure message="Step Start the &#34;atomic&#34; service (timeout &#34;60&#34;): the service &#39;atomic&#39; timed out within 60 seconds"></failure>
      <error message="Step &#34;source-mssql&#34; table &#34;Accounts&#34; continuously inserting &#34;3000&#34; data (starting ID &#34;1&#34;)" type="skipped"></error>
      <error message="Step docker compose &#34;stop&#34; service &#34;gravity-dispatcher&#34; (in &#34;foreground&#34;)" type="skipped"></error>
      <error message="Step container &#34;gravity-dispatcher&#34; was &#34;exited&#34; (timeout &#34;120&#34;)" type="skipped"></error>
      <error message="Step docker compose &#34;start&#34; service &#34;gravity-dispatcher&#34; (in &#34;foreground&#34;)" type="skipped"></error>
      <error message="Step container &#34;gravity-dispatcher&#34; ready (timeout &#34;120&#34;)" type="skipped"></error>
      <error message="Step wait for &#34;source-mssql&#34; table &#34;Accounts&#34; insertion to complete (timeout &#34;120&#34;)" type="skipped"></error>
      <error message="Step Check the nats stream DP has correct messages (timeout &#34;10&#34;)" type="skipped"></error>
      <error message="Step &#34;target-mysql&#34; has the same content as &#34;source-mssql&#34; in &#34;Accounts&#34; (timeout &#34;90&#34;)" type="skipped"></error>
      <error message="Step &#34;source-mssql&#34; table &#34;Accounts&#34; continuously updating &#34;3000&#34; data - appending suffix &#39;updated&#39; to each Name field (starting ID &#34;1&#34;) and inserting &#34;1000&#34; data (starting ID &#34;3001&#34;)" type="skipped"></error>
      <error message="Step docker compose &#34;stop&#34; service &#34;gravity-dispatcher&#34; (in &#34;foreground&#34;)" type="skipped"></error>
      <error message="Step container &#34;gravity-dispatcher&#34; was &#34;exited&#34; (timeout &#34;120&#34;)" type="skipped"></error>
      <error message="Step docker compose &#34;start&#34; service &#34;gravity-dispatcher&#34; (in &#34;foreground&#34;)" type="skipped"></error>
      <error message="Step container &#34;gravity-dispatcher&#34; ready (timeout &#34;120&#34;)" type="skipped"></error>
      <error message="Step wait for &#34;source-mssql&#34; table &#34;Accounts&#34; update and insertion to complete (timeout &#34;120&#34;)" type="skipped"></error>
      <error message="Step Check the nats stream DP has correct messages (timeout &#34;10&#34;)" type="skipped"></error>
      <error message="Step &#34;target-mysql&#34; has the same content as &#34;source-mssql&#34; in &#34;Accounts&#34; (timeout &#34;90&#34;)" type="skipped"></error>
      <error message="Step &#34;source-mssql&#34; table &#34;Accounts&#34; continuous cleanup" type="skipped"></error>
      <error message="Step docker compose &#34;stop&#34; service &#34;gravity-dispatcher&#34; (in &#34;foreground&#34;)" type="skipped"></error>
      <error message="Step container &#34;gravity-dispatcher&#34; was &#34;exited&#34; (timeout &#34;120&#34;)" type="skipped"></error>
      <error message="Step docker compose &#34;start&#34; service &#34;gravity-dispatcher&#34; (in &#34;foreground&#34;)" type="skipped"></error>
      <error message="Step container &#34;gravity-dispatcher&#34; ready (timeout &#34;120&#34;)" type="skipped"></error>
      <error message="Step wait for &#34;source-mssql&#34; table &#34;Accounts&#34; cleanup to complete (timeout &#34;120&#34;)" type="skipped"></error>
      <error message="Step Check the nats stream DP has correct messages (timeout &#34;10&#34;)" type="skipped"></error>
      <error message="Step &#34;target-mysql&#34; table &#34;Accounts&#34; has &#34;0&#34; data (timeout &#34;120&#34;)" type="skipped"></error>
      <error message="Step Start the &#34;gravity-adapter-mssql&#34; service (timeout &#34;60&#34;)" type="skipped"></error>
      <error message="Step &#34;source-mssql&#34; table &#34;Accounts&#34; has &#34;0&#34; data (timeout &#34;3&#34;)" type="skipped"></error>
    </testcase>
    <testcase name="Perform insertions, updates, or deletions of data, and restart services during data transfer. M(3) [waived]" status="failed" time="115.119729342">
      <failure message="Step Start the &#34;atomic&#34; service (timeout &#34;60&#34;): the service &#39;atomic&#39; timed out within 60 seconds"></failure>
      <error message="Step Start the &#34;gravity-adapter-mssql&#34; service (timeout &#34;60&#34;)" type="skipped"></error>
      <error message="Step &#34;source-mssql&#34; table &#34;Accounts&#34; has &#34;0&#34; data (timeout &#34;3&#34;)" type="skipped"></error>
      <error message="Step &#34;source-mssql&#34; table &#34;Accounts&#34; continuously inserting &#34;3000&#34; data (starting ID &#34;1&#34;)" type="skipped"></error>
      <error message="Step docker compose &#34;stop&#34; service &#34;nats-jetstream&#34; (in &#34;foreground&#34;)" type="skipped"></error>
      <error message="Step container &#34;nats-jetstream&#34; was &#34;exited&#34; (timeout &#34;120&#34;)" type="skipped"></error>
      <error message="Step docker compose &#34;start&#34; service &#34;nats-jetstream&#34; (in &#34;foreground&#34;)" type="skipped"></error>
      <error message="Step container &#34;nats-jetstream&#34; ready (timeout &#34;120&#34;)" type="skipped"></error>
      <error message="Step wait for &#34;source-mssql&#34; table &#34;Accounts&#34; insertion to complete (timeout &#34;120&#34;)" type="skipped"></error>
      <error message="Step Check the nats stream DP has correct messages (timeout &#34;10&#34;)" type="skipped"></error>
      <error message="Step &#34;target-mysql&#34; has the same content as &#34;source-mssql&#34; in &#34;Accounts&#34; (timeout &#34;90&#34;)" type="skipped"></error>
      <error message="Step &#34;source-mssql&#34; table &#34;Accounts&#34; continuously updating &#34;3000&#34; data - appending suffix &#39;updated&#39; to each Name field (starting ID &#34;1&#34;) and inserting &#34;1000&#34; data (starting ID &#34;3001&#34;)" type="skipped"></error>
      <error message="Step docker compose &#34;stop&#34; service &#34;nats-jetstream&#34; (in &#34;foreground&#34;)" type="skipped"></error>
      <error message="Step container &#34;nats-jetstream&#34; was &#34;exited&#34; (timeout &#34;120&#34;)" type="skipped"></error>
      <error message="Step docker compose &#34;start&#34; service &#34;nats-jetstream&#34; (in &#34;foreground&#34;)" type="skipped"></error>
      <error message="Step container &#34;nats-jetstream&#34; ready (timeout &#34;120&#34;)" type="skipped"></error>
      <error message="Step wait for &#34;source-mssql&#34; table &#34;Accounts&#34; update and insertion to complete (timeout &#34;120&#34;)" type="skipped"></error>
      <error message="Step Check the nats stream DP has correct messages (timeout &#34;10&#34;)" type="skipped"></error>
      <error message="Step &#34;target-mysql&#34; has the same content as &#34;source-mssql&#34; in &#34;Accounts&#34; (timeout &#34;90&#34;)" type="skipped"></error>
      <error message="Step &#34;source-mssql&#34; table &#34;Accounts&#34; continuous cleanup" type="skipped"></error>
      <error message="Step docker compose &#34;stop&#34; service &#34;nats-jetstream&#34; (in &#34;foreground&#34;)" type="skipped"></error>
      <error message="Step container &#34;nats-jetstream&#34; was &#34;exited&#34; (timeout &#34;120&#34;)" type="skipped"></error>
      <error message="Step docker compose &#34;start&#34; service &#34;nats-jetstream&#34; (in &#34;foreground&#34;)" type="skipped"></error>
      <error message="Step container &#34;nats-jetstream&#34; ready (timeout &#34;120&#34;)" type="skipped"></error>
      <error message="Step wait for &#34;source-mssql&#34; table &#34;Accounts&#34; cleanup to complete (timeout &#34;120&#34;)" type="skipped"></error>
      <error message="Step Check the nats stream DP has correct messages (timeout &#34;10&#34;)" type="skipped"></error>
      <error message="Step &#34;target-mysql&#34; table &#34;Accounts&#34; has &#34;0&#34; data (timeout &#34;120&#34;)" type="skipped"></error>
    </testcase>
    <testcase name="Perform insertions, updates, or deletions of data, and restart services during data transfer. M(4) " status="failed" time="115.02341474">
      <failure message="Step Start the &#34;atomic&#34; service (timeout &#34;60&#34;): the service &#39;atomic&#39; timed out within 60 seconds"></failure>
      <error message="Step Start the &#34;gravity-adapter-mssql&#34; service (timeout &#34;60&#34;)" type="skipped"></error>
      <error message="Step &#34;source-mssql&#34; table &#34;Accounts&#34; has &#34;0&#34; data (timeout &#34;3&#34;)" type="skipped"></error>
      <error message="Step &#34;source-mssql&#34; table &#34;Accounts&#34; continuously inserting &#34;3000&#34; data (starting ID &#34;1&#34;)" type="skipped"></error>
      <error message="Step docker compose &#34;stop&#34; service &#34;atomic&#34; (in &#34;foreground&#34;)" type="skipped"></error>
      <error message="Step container &#34;atomic&#34; was &#34;exited&#34; (timeout &#34;120&#34;)" type="skipped"></error>
      <error message="Step docker compose &#34;start&#34; service &#34;atomic&#34; (in &#34;foreground&#34;)" type="skipped"></error>
      <error message="Step container &#34;atomic&#34; ready (timeout &#34;120&#34;)" type="skipped"></error>
      <error message="Step wait for &#34;source-mssql&#34; table &#34;Accounts&#34; insertion to complete (timeout &#34;120&#34;)" type="skipped"></error>
      <error message="Step Check the nats stream DP has correct messages (timeout &#34;10&#34;)" type="skipped"></error>
      <error message="Step &#34;target-mysql&#34; has the same content as &#34;source-mssql&#34; in &#34;Accounts&#34; (timeout &#34;90&#34;)" type="skipped"></error>
      <error message="Step &#34;source-mssql&#34; table &#34;Accounts&#34; continuously updating &#34;3000&#34; data - appending suffix &#39;updated&#39; to each Name field (starting ID &#34;1&#34;) and inserting &#34;1000&#34; data (starting ID &#34;3001&#34;)" type="skipped"></error>
      <error message="Step docker compose &#34;stop&#34; service &#34;atomic&#34; (in &#34;foreground&#34;)" type="skipped"></error>
      <error message="Step container &#34;atomic&#34; was &#34;exited&#34; (timeout &#34;120&#34;)" type="skipped"></error>
      <error message="Step docker compose &#34;start&#34; service &#34;atomic&#34; (in &#34;foreground&#34;)" type="skipped"></error>
      <error message="Step container &#34;atomic&#34; ready (timeout &#34;120&#34;)" type="skipped"></error>
      <error message="Step wait for &#34;source-mssql&#34; table &#34;Accounts&#34; update and insertion to complete (timeout &#34;120&#34;)" type="skipped"></error>
      <error message="Step Check the nats stream DP has correct messages (timeout &#34;10&#34;)" type="skipped"></error>
      <error message="Step &#34;target-mysql&#34; has the same content as &#34;source-mssql&#34; in &#34;Accounts&#34; (timeout &#34;90&#34;)" type="skipped"></error>
      <error message="Step &#34;source-mssql&#34; table &#34;Accounts&#34; continuous cleanup" type="skipped"></error>
      <error message="Step docker compose &#34;stop&#34; service &#34;atomic&#34; (in &#34;foreground&#34;)" type="skipped"></error>
      <error message="Step container &#34;atomic&#34; was &#34;exited&#34; (timeout &#34;120&#34;)" type="skipped"></error>
      <error message="Step docker compose &#34;start&#34; service &#34;atomic&#34; (in &#34;foreground&#34;)" type="skipped"></error>
      <error message="Step container &#34;atomic&#34; ready (timeout &#34;120&#34;)" type="skipped"></error>
      <error message="Step wait for &#34;source-mssql&#34; table &#34;Accounts&#34; cleanup to complete (timeout &#34;120&#34;)" type="skipped"></error>
      <error message="Step Check the nats stream DP has correct messages (timeout &#34;10&#34;)" type="skipped"></error>
      <error message="Step &#34;target-mysql&#34; table &#34;Accounts&#34; has &#34;0&#34; data (timeout &#34;120&#34;)" type="skipped"></error>
    </testcase>
    <testcase name="Perform insertions, updates, or deletions of data, and restart services during data transfer. M(5) " status="failed" time="115.067844761">
      <failure message="Step Start the &#34;atomic&#34; service (timeout &#34;60&#34;): the service &#39;atomic&#39; timed out within 60 seconds"></failure>
      <error message="Step Start the &#34;gravity-adapter-mssql&#34; service (timeout &#34;60&#34;)" type="skipped"></error>
      <error message="Step &#34;source-mssql&#34; table &#34;Accounts&#34; has &#34;0&#34; data (timeout &#34;3&#34;)" type="skipped"></error>
      <error message="Step &#34;source-mssql&#34; table &#34;Accounts&#34; continuously inserting &#34;3000&#34; data (starting ID &#34;1&#34;)" type="skipped"></error>
      <error message="Step docker compose &#34;stop&#34; service &#34;target-mysql&#34; (in &#34;foreground&#34;)" type="skipped"></error>
      <error message="Step container &#34;target-mysql&#34; was &#34;exited&#34; (timeout &#34;120&#34;)" type="skipped"></error>
      <error message="Step docker compose &#34;start&#34; service &#34;target-mysql&#34; (in &#34;foreground&#34;)" type="skipped"></error>
      <error message="Step container &#34;target-mysql&#34; ready (timeout &#34;120&#34;)" type="skipped"></error>
      <error message="Step wait for &#34;source-mssql&#34; table &#34;Accounts&#34; insertion to complete (timeout &#34;120&#34;)" type="skipped"></error>
      <error message="Step Check the nats stream DP has correct messages (timeout &#34;10&#34;)" type="skipped"></error>
      <error message="Step &#34;target-mysql&#34; has the same content as &#34;source-mssql&#34; in &#34;Accounts&#34; (timeout &#34;90&#34;)" type="skipped"></error>
      <error message="Step &#34;source-mssql&#34; table &#34;Accounts&#34; continuously updating &#34;3000&#34; data - appending suffix &#39;updated&#39; to each Name field (starting ID &#34;1&#34;) and inserting &#34;1000&#34; data (starting ID &#34;3001&#34;)" type="skipped"></error>
      <error message="Step docker compose &#34;stop&#34; service &#34;target-mysql&#34; (in &#34;foreground&#34;)" type="skipped"></error>
      <error message="Step container &#34;target-mysql&#34; was &#34;exited&#34; (timeout &#34;120&#34;)" type="skipped"></error>
      <error message="Step docker compose &#34;start&#34; service &#34;target-mysql&#34; (in &#34;foreground&#34;)" type="skipped"></error>
      <error message="Step container &#34;target-mysql&#34; ready (timeout &#34;120&#34;)" type="skipped"></error>
      <error message="Step wait for &#34;source-mssql&#34; table &#34;Accounts&#34; update and insertion to complete (timeout &#34;120&#34;)" type="skipped"></error>
      <error message="Step Check the nats stream DP has correct messages (timeout &#34;10&#34;)" type="skipped"></error>
      <error message="Step &#34;target-mysql&#34; has the same content as &#34;source-mssql&#34; in &#34;Accounts&#34; (timeout &#34;90&#34;)" type="skipped"></error>
      <error message="Step &#34;source-mssql&#34; table &#34;Accounts&#34; continuous cleanup" type="skipped"></error>
      <error message="Step docker compose &#34;stop&#34; service &#34;target-mysql&#34; (in &#34;foreground&#34;)" type="skipped"></error>
      <error message="Step container &#34;target-mysql&#34; was &#34;exited&#34; (timeout &#34;120&#34;)" type="skipped"></error>
      <error message="Step docker compose &#34;start&#34; service &#34;target-mysql&#34; (in &#34;foreground&#34;)" type="skipped"></error>
      <error message="Step container &#34;target-mysql&#34; ready (timeout &#34;120&#34;)" type="skipped"></error>
      <error message="Step wait for &#34;source-mssql&#34; table &#34;Accounts&#34; cleanup to complete (timeout &#34;120&#34;)" type="skipped"></error>
      <error message="Step Check the nats stream DP has correct messages (timeout &#34;10&#34;)" type="skipped"></error>
      <error message="Step &#34;target-mysql&#34; table &#34;Accounts&#34; has &#34;0&#34; data (timeout &#34;120&#34;)" type="skipped"></error>
    </testcase>
  </testsuite>
</testsuites>