<?xml version="1.0" encoding="UTF-8"?>
<testsuites name="" tests="3" skipped="0" failures="0" errors="0" time="0.548352588">
  <testsuite name="Data Product purge" tests="3" skipped="0" failures="0" errors="0" time="0.548195735">
    <testcase name="Success scenario for the deletion of an existing Data Product M(1) " status="passed" time="0.258606347"></testcase>
    <testcase name="The purge of a non-existent Data Product E1(1) " status="passed" time="0.143779726"></testcase>
    <testcase name="The purge of a non-existent Data Product E1(2) " status="passed" time="0.143845295"></testcase>
  </testsuite>
</testsuites>