<?xml version="1.0" encoding="UTF-8"?>
<testsuites name="" tests="4" skipped="0" failures="0" errors="0" time="0.508510377">
  <testsuite name="Data Product ruleset delete" tests="4" skipped="0" failures="0" errors="0" time="0.50840408">
    <testcase name="Success scenario for the deletion of a data product ruleset M(1) " status="passed" time="0.123190801"></testcase>
    <testcase name="Fail scenario for the deletion of a non-existent Data Product ruleset E1(1) " status="passed" time="0.126878681"></testcase>
    <testcase name="Fail scenario for the deletion of a non-existent Data Product ruleset E1(2) " status="passed" time="0.126216142"></testcase>
    <testcase name="Fail scenario for the deletion of a non-existent Data Product ruleset E1(3) " status="passed" time="0.125253895"></testcase>
  </testsuite>
</testsuites>