<?xml version="1.0" encoding="UTF-8"?>
<testsuites name="" tests="37" skipped="0" failures="1" errors="0" time="6.937660696">
  <testsuite name="Data Product ruleset add" tests="37" skipped="0" failures="1" errors="0" time="6.937512077">
    <testcase name="Success scenario for adding ruleset to data product M(1) " status="passed" time="0.135452838"></testcase>
    <testcase name="Success scenario for adding ruleset to data product M(2) " status="passed" time="0.141433263"></testcase>
    <testcase name="Success scenario for adding ruleset to data product M(3) " status="passed" time="0.141265526"></testcase>
    <testcase name="Success scenario for adding ruleset to data product M(4) " status="passed" time="0.443945346"></testcase>
    <testcase name="Success scenario for adding ruleset to data product M(5) " status="passed" time="0.140954544"></testcase>
    <testcase name="Success scenario for adding ruleset to data product M(6) " status="passed" time="0.14151351"></testcase>
    <testcase name="Success scenario for adding ruleset to data product M(7) " status="passed" time="0.142069566"></testcase>
    <testcase name="Success scenario for adding ruleset to data product M(8) " status="passed" time="0.44333231"></testcase>
    <testcase name="Success scenario for adding ruleset to data product M(9) " status="passed" time="0.142438508"></testcase>
    <testcase name="Success scenario for adding ruleset to data product M(10) " status="passed" time="0.141673047"></testcase>
    <testcase name="Success scenario for adding ruleset to data product M(11) " status="passed" time="0.139976143"></testcase>
    <testcase name="Success scenario for adding ruleset to data product M(12) " status="passed" time="0.141695685"></testcase>
    <testcase name="Success scenario for adding ruleset to data product M(13) " status="passed" time="0.439237926"></testcase>
    <testcase name="Success scenario for adding ruleset to data product M(14) " status="passed" time="0.141767904"></testcase>
    <testcase name="Success scenario for adding ruleset to data product M(15) " status="passed" time="0.140508391"></testcase>
    <testcase name="Success scenario for adding ruleset to data product M(16) " status="passed" time="0.143151457"></testcase>
    <testcase name="Success scenario for adding ruleset to data product M(17) " status="passed" time="0.139579217"></testcase>
    <testcase name="Success scenario for adding ruleset to data product M(18) " status="passed" time="0.14022775"></testcase>
    <testcase name="Success scenario for adding ruleset to data product M(19) " status="passed" time="0.14264483"></testcase>
    <testcase name="Success scenario for adding ruleset to data product M(20) " status="passed" time="0.140493153"></testcase>
    <testcase name="Success scenario for adding ruleset to data product M(21) " status="passed" time="0.139581281"></testcase>
    <testcase name="Scenario for repeatedly adding ruleset to data product E1(1) " status="passed" time="0.251235275"></testcase>
    <testcase name="Scenario for repeatedly adding ruleset to data product E1(2) " status="failed" time="0.256560011">
      <failure message="Step CLI returns exit code 1: add ruleset should fail"></failure>
    </testcase>
    <testcase name="Fail scenario for adding ruleset to data product E2(1) " status="passed" time="0.130397281"></testcase>
    <testcase name="Fail scenario for adding ruleset to data product E2(2) " status="passed" time="0.126984276"></testcase>
    <testcase name="Fail scenario for adding ruleset to data product E2(3) " status="passed" time="0.131588589"></testcase>
    <testcase name="Fail scenario for adding ruleset to data product E2(4) " status="passed" time="0.129612569"></testcase>
    <testcase name="Fail scenario for adding ruleset to data product E2(5) " status="passed" time="0.1271076"></testcase>
    <testcase name="Fail scenario for adding ruleset to data product E2(6) " status="passed" time="0.125514042"></testcase>
    <testcase name="Fail scenario for adding ruleset to data product E2(7) " status="passed" time="0.126116753"></testcase>
    <testcase name="Fail scenario for adding ruleset to data product E2(8) " status="passed" time="0.126443418"></testcase>
    <testcase name="Fail scenario for adding ruleset to data product E2(9) " status="passed" time="0.130085332"></testcase>
    <testcase name="Fail scenario for adding ruleset to data product E2(10) " status="passed" time="0.134028778"></testcase>
    <testcase name="Fail scenario for adding ruleset to data product E2(11) " status="passed" time="0.130842834"></testcase>
    <testcase name="Fail scenario for adding ruleset to data product E2(12) " status="passed" time="0.133001414"></testcase>
    <testcase name="Fail scenario for adding ruleset to data product E2(13) " status="passed" time="0.130437193"></testcase>
    <testcase name="Fail scenario for adding ruleset to data product E2(14) " status="passed" time="0.131346469"></testcase>
  </testsuite>
</testsuites>