<?xml version="1.0" encoding="UTF-8"?>
<testsuites name="" tests="17" skipped="0" failures="0" errors="0" time="2.402869156">
  <testsuite name="Data Product create" tests="17" skipped="0" failures="0" errors="0" time="2.40273141">
    <testcase name="Success scenario for creating a data product M(1) " status="passed" time="0.132318961"></testcase>
    <testcase name="Success scenario for creating a data product M(2) " status="passed" time="0.13195813"></testcase>
    <testcase name="Success scenario for creating a data product M(3) " status="passed" time="0.130798547"></testcase>
    <testcase name="Success scenario for creating a data product M(4) " status="passed" time="0.131360095"></testcase>
    <testcase name="Success scenario for creating a data product M(5) " status="passed" time="0.1306248"></testcase>
    <testcase name="Success scenario for creating a data product M(6) " status="passed" time="0.281789375"></testcase>
    <testcase name="Success scenario for creating a data product M(7) " status="passed" time="0.131320985"></testcase>
    <testcase name="Success scenario for creating a data product M(8) " status="passed" time="0.129611242"></testcase>
    <testcase name="Success scenario for creating a data product M(9) " status="passed" time="0.130510375"></testcase>
    <testcase name="Success scenario for creating a data product M(10) " status="passed" time="0.130271667"></testcase>
    <testcase name="Create two data products with the same name E1(1) " status="passed" time="0.241752862"></testcase>
    <testcase name="Fail scenario for creating a data product E2(1) " status="passed" time="0.121199462"></testcase>
    <testcase name="Fail scenario for creating a data product E2(2) " status="passed" time="0.113570141"></testcase>
    <testcase name="Fail scenario for creating a data product E2(3) " status="passed" time="0.109444283"></testcase>
    <testcase name="Fail scenario for creating a data product E2(4) " status="passed" time="0.113647483"></testcase>
    <testcase name="Fail scenario for creating a data product E2(5) " status="passed" time="0.113011845"></testcase>
    <testcase name="Fail scenario for creating a data product E2(6) " status="passed" time="0.112959724"></testcase>
  </testsuite>
</testsuites>