<?xml version="1.0" encoding="UTF-8"?>
<testsuites name="" tests="37" skipped="0" failures="1" errors="0" time="5.880073398">
  <testsuite name="Data Product ruleset add" tests="37" skipped="0" failures="1" errors="0" time="5.87993292">
    <testcase name="Success scenario for adding ruleset to data product M(1) " status="passed" time="0.157440634"></testcase>
    <testcase name="Success scenario for adding ruleset to data product M(2) " status="passed" time="0.126607102"></testcase>
    <testcase name="Success scenario for adding ruleset to data product M(3) " status="passed" time="0.126300492"></testcase>
    <testcase name="Success scenario for adding ruleset to data product M(4) " status="passed" time="0.304283157"></testcase>
    <testcase name="Success scenario for adding ruleset to data product M(5) " status="passed" time="0.131451366"></testcase>
    <testcase name="Success scenario for adding ruleset to data product M(6) " status="passed" time="0.22575645"></testcase>
    <testcase name="Success scenario for adding ruleset to data product M(7) " status="passed" time="0.126382058"></testcase>
    <testcase name="Success scenario for adding ruleset to data product M(8) " status="passed" time="0.276772459"></testcase>
    <testcase name="Success scenario for adding ruleset to data product M(9) " status="passed" time="0.124742951"></testcase>
    <testcase name="Success scenario for adding ruleset to data product M(10) " status="passed" time="0.125740139"></testcase>
    <testcase name="Success scenario for adding ruleset to data product M(11) " status="passed" time="0.128479396"></testcase>
    <testcase name="Success scenario for adding ruleset to data product M(12) " status="passed" time="0.126970388"></testcase>
    <testcase name="Success scenario for adding ruleset to data product M(13) " status="passed" time="0.276762531"></testcase>
    <testcase name="Success scenario for adding ruleset to data product M(14) " status="passed" time="0.125743329"></testcase>
    <testcase name="Success scenario for adding ruleset to data product M(15) " status="passed" time="0.124806389"></testcase>
    <testcase name="Success scenario for adding ruleset to data product M(16) " status="passed" time="0.12369051"></testcase>
    <testcase name="Success scenario for adding ruleset to data product M(17) " status="passed" time="0.124152414"></testcase>
    <testcase name="Success scenario for adding ruleset to data product M(18) " status="passed" time="0.125114055"></testcase>
    <testcase name="Success scenario for adding ruleset to data product M(19) " status="passed" time="0.127417254"></testcase>
    <testcase name="Success scenario for adding ruleset to data product M(20) " status="passed" time="0.12749314"></testcase>
    <testcase name="Success scenario for adding ruleset to data product M(21) " status="passed" time="0.12915051"></testcase>
    <testcase name="Scenario for repeatedly adding ruleset to data product E1(1) " status="passed" time="0.236136811"></testcase>
    <testcase name="Scenario for repeatedly adding ruleset to data product E1(2) " status="failed" time="0.23588246">
      <failure message="Step CLI returns exit code 1: add ruleset should fail"></failure>
    </testcase>
    <testcase name="Fail scenario for adding ruleset to data product E2(1) " status="passed" time="0.120063593"></testcase>
    <testcase name="Fail scenario for adding ruleset to data product E2(2) " status="passed" time="0.118333395"></testcase>
    <testcase name="Fail scenario for adding ruleset to data product E2(3) " status="passed" time="0.18775957"></testcase>
    <testcase name="Fail scenario for adding ruleset to data product E2(4) " status="passed" time="0.121096194"></testcase>
    <testcase name="Fail scenario for adding ruleset to data product E2(5) " status="passed" time="0.11714215"></testcase>
    <testcase name="Fail scenario for adding ruleset to data product E2(6) " status="passed" time="0.118267697"></testcase>
    <testcase name="Fail scenario for adding ruleset to data product E2(7) " status="passed" time="0.118121091"></testcase>
    <testcase name="Fail scenario for adding ruleset to data product E2(8) " status="passed" time="0.118494064"></testcase>
    <testcase name="Fail scenario for adding ruleset to data product E2(9) " status="passed" time="0.122545585"></testcase>
    <testcase name="Fail scenario for adding ruleset to data product E2(10) " status="passed" time="0.119010241"></testcase>
    <testcase name="Fail scenario for adding ruleset to data product E2(11) " status="passed" time="0.121991377"></testcase>
    <testcase name="Fail scenario for adding ruleset to data product E2(12) " status="passed" time="0.118683473"></testcase>
    <testcase name="Fail scenario for adding ruleset to data product E2(13) " status="passed" time="0.119381892"></testcase>
    <testcase name="Fail scenario for adding ruleset to data product E2(14) " status="passed" time="0.117874369"></testcase>
  </testsuite>
</testsuites>