<?xml version="1.0" encoding="UTF-8"?>
<testsuites name="" tests="28" skipped="0" failures="4" errors="0" time="3.561327082">
  <testsuite name="Data Product ruleset update" tests="28" skipped="0" failures="4" errors="0" time="3.56117116">
    <testcase name="Success scenario for updating data product ruleset M(1) " status="passed" time="0.127394495"></testcase>
    <testcase name="Success scenario for updating data product ruleset M(2) " status="passed" time="0.126722922"></testcase>
    <testcase name="Success scenario for updating data product ruleset M(3) " status="failed" time="0.128124993">
      <failure message="Step Check updating ruleset success: update ruleset should success"></failure>
      <error message="Step Use NATS jetstream to query the &#34;&#39;drink&#39;&#34; &#34;&#39;drinkCreated&#39;&#34; update successfully and parameters are &#34;&#39;create&#39;&#34; &#34;&#39;[ignore]&#39;&#34; &#34;&#39;[ignore]&#39;&#34; &#34;&#39;[ignore]&#39;&#34; &#34;&#39;[ignore]&#39;&#34; &#34;&#39;[ignore]&#39;&#34; &#34;&#39;[ignore]&#39;&#34;" type="skipped"></error>
    </testcase>
    <testcase name="Success scenario for updating data product ruleset M(4) " status="passed" time="0.126883371"></testcase>
    <testcase name="Success scenario for updating data product ruleset M(5) " status="passed" time="0.126730299"></testcase>
    <testcase name="Success scenario for updating data product ruleset M(6) " status="passed" time="0.120143657"></testcase>
    <testcase name="Success scenario for updating data product ruleset M(7) " status="passed" time="0.127492416"></testcase>
    <testcase name="Success scenario for updating data product ruleset M(8) " status="passed" time="0.125705952"></testcase>
    <testcase name="Success scenario for updating data product ruleset M(9) " status="passed" time="0.128125861"></testcase>
    <testcase name="Success scenario for updating data product ruleset M(10) " status="passed" time="0.130176929"></testcase>
    <testcase name="Success scenario for updating data product ruleset M(11) " status="passed" time="0.12667163"></testcase>
    <testcase name="Success scenario for updating data product ruleset M(12) " status="passed" time="0.126999657"></testcase>
    <testcase name="Success scenario for updating data product ruleset M(13) " status="passed" time="0.126659626"></testcase>
    <testcase name="Success scenario for updating data product ruleset M(14) " status="passed" time="0.125982853"></testcase>
    <testcase name="Fail scenario for updating data product ruleset E1(1) " status="passed" time="0.124477668"></testcase>
    <testcase name="Fail scenario for updating data product ruleset E1(2) " status="passed" time="0.12182292"></testcase>
    <testcase name="Fail scenario for updating data product ruleset E1(3) " status="passed" time="0.123982431"></testcase>
    <testcase name="Fail scenario for updating data product ruleset E1(4) " status="passed" time="0.129567397"></testcase>
    <testcase name="Fail scenario for updating data product ruleset E1(5) " status="passed" time="0.126962019"></testcase>
    <testcase name="Fail scenario for updating data product ruleset E1(6) " status="passed" time="0.127188343"></testcase>
    <testcase name="Fail scenario for updating data product ruleset E1(7) " status="passed" time="0.126908968"></testcase>
    <testcase name="Fail scenario for updating data product ruleset E1(8) " status="passed" time="0.126402951"></testcase>
    <testcase name="Fail scenario for updating data product ruleset E1(9) " status="passed" time="0.127793942"></testcase>
    <testcase name="Fail scenario for updating data product ruleset E1(10) " status="passed" time="0.125686106"></testcase>
    <testcase name="Fail scenario for updating data product ruleset E1(11) " status="passed" time="0.1272475"></testcase>
    <testcase name="Fail scenario for updating data product ruleset E1(12) " status="failed" time="0.126815983">
      <failure message="Step CLI returns exit code 1: update ruleset should fail"></failure>
      <error message="Step Use NATS jetstream to query the &#34;&#39;drink&#39;&#34; &#34;&#39;drinkCreated&#39;&#34; without changing parameters" type="skipped"></error>
    </testcase>
    <testcase name="Fail scenario for updating data product ruleset E1(13) " status="failed" time="0.127175078">
      <failure message="Step CLI returns exit code 1: update ruleset should fail"></failure>
      <error message="Step Use NATS jetstream to query the &#34;&#39;drink&#39;&#34; &#34;&#39;drinkCreated&#39;&#34; without changing parameters" type="skipped"></error>
    </testcase>
    <testcase name="Fail scenario for updating data product ruleset E1(14) " status="failed" time="0.122405095">
      <failure message="Step CLI returns exit code 1: update ruleset should fail"></failure>
      <error message="Step Use NATS jetstream to query the &#34;&#39;drink&#39;&#34; &#34;&#39;drinkCreated&#39;&#34; without changing parameters" type="skipped"></error>
    </testcase>
  </testsuite>
</testsuites>