<?xml version="1.0" encoding="UTF-8"?>
<testsuites name="" tests="63" skipped="0" failures="22" errors="0" time="95.153320081">
  <testsuite name="Data Product publish" tests="63" skipped="0" failures="22" errors="0" time="95.150965478">
    <testcase name="Publish for data product of the event (Success scenario) M(1) " status="passed" time="2.147731978"></testcase>
    <testcase name="Publish for data product of the event (Success scenario) M(2) " status="passed" time="2.154393406"></testcase>
    <testcase name="Publish for data product of the event (Success scenario) M(3) " status="passed" time="2.157286326"></testcase>
    <testcase name="Publish for data product of the event (Success scenario) M(4) " status="passed" time="2.156257888"></testcase>
    <testcase name="Publish for data product of the event (Success scenario) M(5) " status="passed" time="2.157636722"></testcase>
    <testcase name="Publish for data product of the event (Success scenario) M(6) " status="passed" time="2.15797201"></testcase>
    <testcase name="Publish for data product of the event (Success scenario) M(7) " status="passed" time="2.159663389"></testcase>
    <testcase name="Publish for data product of the event (Success scenario) M(8) " status="passed" time="2.158876482"></testcase>
    <testcase name="Publish for data product of the event (Success scenario) M(9) " status="passed" time="2.159172982"></testcase>
    <testcase name="Publish for data product of the event (Success scenario) M(10) " status="passed" time="2.157252765"></testcase>
    <testcase name="Publish for data product of the event (Success scenario) M(11) " status="passed" time="2.157795203"></testcase>
    <testcase name="Publish for data product of the event (Success scenario) M(12) " status="passed" time="2.160908244"></testcase>
    <testcase name="Publish for data product of the event (Success scenario) M(13) " status="passed" time="2.159081253"></testcase>
    <testcase name="Publish for data product of the event (Success scenario) M(14) " status="passed" time="2.160001014"></testcase>
    <testcase name="Publish for data product of the event (Success scenario) M(15) " status="passed" time="2.159074374"></testcase>
    <testcase name="Publish for data product of the event (Success scenario) M(16) " status="passed" time="2.160222349"></testcase>
    <testcase name="Publish for data product of the event (Success scenario) M(17) " status="passed" time="2.157436055"></testcase>
    <testcase name="Publish for data product of the event (Success scenario) M(18) " status="passed" time="2.155701879"></testcase>
    <testcase name="Publish for data product of the event (Success scenario) M(19) " status="passed" time="2.154544302"></testcase>
    <testcase name="Publish for data product of the event (Success scenario) M(20) " status="passed" time="2.158349913"></testcase>
    <testcase name="Publish for data product of the event (Success scenario) M(21) " status="passed" time="2.159108106"></testcase>
    <testcase name="Publish for data product of the event (Success scenario) M(22) " status="passed" time="2.155414659"></testcase>
    <testcase name="Publish for data product of the event (Success scenario) M(23) " status="passed" time="2.157470699"></testcase>
    <testcase name="Publish for data product of the event (Success scenario) M(24) " status="passed" time="2.15590039"></testcase>
    <testcase name="Publish for data product of the event (Success scenario) M(25) " status="passed" time="3.175768289"></testcase>
    <testcase name="Publish for data product of the event (Success scenario) M(26) " status="passed" time="2.158375477"></testcase>
    <testcase name="Publish for data product of the event (Success scenario) M(27) " status="passed" time="2.156587902"></testcase>
    <testcase name="Publish for data product of the event (Success scenario) M(28) " status="passed" time="2.161071332"></testcase>
    <testcase name="Publish for data product of the event (Success scenario) M(29) " status="passed" time="2.158080609"></testcase>
    <testcase name="Publish for data product of the event (Success scenario) M(30) " status="passed" time="2.154140497"></testcase>
    <testcase name="Publish for data product of the event (Success scenario) M(31) " status="passed" time="2.157573871"></testcase>
    <testcase name="Publish for data product of the event (Success scenario) M(32) " status="passed" time="2.156614016"></testcase>
    <testcase name="Publish for data product of the event (Success scenario) M(33) " status="passed" time="2.158000511"></testcase>
    <testcase name="Publish for data product of the event (Success scenario) M(34) " status="passed" time="2.159115461"></testcase>
    <testcase name="Publish for data product of the event (Success scenario) M(35) " status="passed" time="2.153114353"></testcase>
    <testcase name="Similar to the successful scenario, but after publishing, update the ruleset to enabled first, then update the data product to enabled E1(1) " status="passed" time="0.151022908"></testcase>
    <testcase name="publish for data product of the event (failure scenario for the publish command) E2(1) " status="passed" time="0.636100749"></testcase>
    <testcase name="publish for data product of the event (failure scenario for the publish command) E2(2) " status="failed" time="0.136057214">
      <failure message="Step CLI returns create failed: publish should be failed"></failure>
    </testcase>
    <testcase name="publish for data product of the event (failure scenario for the publish command) E2(3) " status="failed" time="0.134430895">
      <failure message="Step CLI returns create failed: publish should be failed"></failure>
    </testcase>
    <testcase name="publish for data product of the event (failure scenario for the publish command) E2(4) " status="failed" time="0.135180487">
      <failure message="Step CLI returns create failed: publish should be failed"></failure>
    </testcase>
    <testcase name="The command executes successfully but does not publish to the specified DP E3(1) " status="failed" time="0.227735075">
      <failure message="Step Query GVT_default_DP_&#34;&#39;drink&#39;&#34; has no &#34;&#39;drinkEvent&#39;&#34;: expected not publish in GVT_default_DP，but now in GVT_default_DP"></failure>
      <error message="Step Using NATS Jetstream to query GVT_default has a event with payload &#34;&#39;&#39;{&#34;name&#34;:&#34;test&#34;}&#39;&#39;&#34; and type is &#34;&#39;drinkEvent&#39;&#34;" type="skipped"></error>
    </testcase>
    <testcase name="The command executes successfully but does not publish to the specified DP E3(2) " status="failed" time="0.23127157">
      <failure message="Step Query GVT_default_DP_&#34;&#39;drink&#39;&#34; has no &#34;&#39;drinkEvent&#39;&#34;: expected not publish in GVT_default_DP，but now in GVT_default_DP"></failure>
      <error message="Step Using NATS Jetstream to query GVT_default has a event with payload &#34;&#39;&#39;{&#34;name&#34;:&#34;test&#34;,&#34;not_exist&#34;:&#34;Hi&#34;}&#39;&#39;&#34; and type is &#34;&#39;drinkEvent&#39;&#34;" type="skipped"></error>
    </testcase>
    <testcase name="The command executes successfully but does not publish to the specified DP E3(3) " status="failed" time="0.228624066">
      <failure message="Step Query GVT_default_DP_&#34;&#39;drink&#39;&#34; has no &#34;&#39;drinkEvent&#39;&#34;: expected not publish in GVT_default_DP，but now in GVT_default_DP"></failure>
      <error message="Step Using NATS Jetstream to query GVT_default has a event with payload &#34;&#39;&#39;{&#34;not_exist&#34;:&#34;Hi&#34;}&#39;&#39;&#34; and type is &#34;&#39;drinkEvent&#39;&#34;" type="skipped"></error>
    </testcase>
    <testcase name="The command executes successfully but does not publish to the specified DP E3(4) " status="failed" time="0.235509126">
      <failure message="Step Query GVT_default_DP_&#34;&#39;drink&#39;&#34; has no &#34;&#39;drinkEvent&#39;&#34;: expected not publish in GVT_default_DP，but now in GVT_default_DP"></failure>
      <error message="Step Using NATS Jetstream to query GVT_default has a event with payload &#34;&#39;&#39;{}&#39;&#39;&#34; and type is &#34;&#39;drinkEvent&#39;&#34;" type="skipped"></error>
    </testcase>
    <testcase name="The command executes successfully but does not publish to the specified DP E3(5) " status="failed" time="0.228532853">
      <failure message="Step Query GVT_default_DP_&#34;&#39;drink&#39;&#34; has no &#34;&#39;drinkEvent&#39;&#34;: expected not publish in GVT_default_DP，but now in GVT_default_DP"></failure>
      <error message="Step Using NATS Jetstream to query GVT_default has a event with payload &#34;&#39;&#39;{&#34;name&#34;:&#34;test&#34;}&#39;&#39;&#34; and type is &#34;&#39;drinkEvent&#39;&#34;" type="skipped"></error>
    </testcase>
    <testcase name="The command executes successfully but does not publish to the specified DP E3(6) " status="failed" time="0.22902479">
      <failure message="Step Query GVT_default_DP_&#34;&#39;drink&#39;&#34; has no &#34;&#39;drinkEvent&#39;&#34;: expected not publish in GVT_default_DP，but now in GVT_default_DP"></failure>
      <error message="Step Using NATS Jetstream to query GVT_default has a event with payload &#34;&#39;&#39;{&#34;name&#34;:&#34;test&#34;,&#34;not_exist&#34;:&#34;Hi&#34;}&#39;&#39;&#34; and type is &#34;&#39;drinkEvent&#39;&#34;" type="skipped"></error>
    </testcase>
    <testcase name="The command executes successfully but does not publish to the specified DP E3(7) " status="failed" time="0.229412861">
      <failure message="Step Query GVT_default_DP_&#34;&#39;drink&#39;&#34; has no &#34;&#39;drinkEvent&#39;&#34;: expected not publish in GVT_default_DP，but now in GVT_default_DP"></failure>
      <error message="Step Using NATS Jetstream to query GVT_default has a event with payload &#34;&#39;&#39;{&#34;not_exist&#34;:&#34;Hi&#34;}&#39;&#39;&#34; and type is &#34;&#39;drinkEvent&#39;&#34;" type="skipped"></error>
    </testcase>
    <testcase name="The command executes successfully but does not publish to the specified DP E3(8) " status="failed" time="0.228329112">
      <failure message="Step Query GVT_default_DP_&#34;&#39;drink&#39;&#34; has no &#34;&#39;drinkEvent&#39;&#34;: expected not publish in GVT_default_DP，but now in GVT_default_DP"></failure>
      <error message="Step Using NATS Jetstream to query GVT_default has a event with payload &#34;&#39;&#39;{}&#39;&#39;&#34; and type is &#34;&#39;drinkEvent&#39;&#34;" type="skipped"></error>
    </testcase>
    <testcase name="The command executes successfully but does not publish to the specified DP E3(9) " status="passed" time="5.139194848"></testcase>
    <testcase name="The command executes successfully but does not publish to the specified DP E3(10) [skipped]" status="failed" time="0.011471289">
      <failure message="Step NATS has been opened: before scenario hook failed: skipped"></failure>
      <error message="Step Dispatcher has been opened" type="skipped"></error>
      <error message="Step Create data product &#34;&#39;drink&#39;&#34; using parameters &#34;&#39;[true]&#39;&#34;" type="skipped"></error>
      <error message="Step &#34;&#39;drink&#39;&#34; create ruleset &#34;&#39;drinkEvent&#39;&#34; using parameters &#34;&#39;create&#39;&#34; &#34;&#39;id&#39;&#34; &#34;&#39;./assets/empty.js&#39;&#34; &#34;&#39;./assets/schema.json&#39;&#34; &#34;&#39;[true]&#39;&#34;" type="skipped"></error>
      <error message="Step Publish Event &#34;&#39;drinkEvent&#39;&#34; using parameters &#34;&#39;&#39;{&#34;id&#34;:1,&#34;uid&#34;:1,&#34;name&#34;:&#34;test&#34;,&#34;price&#34;:100,&#34;kcal&#34;:50}&#39;&#39;&#34;" type="skipped"></error>
      <error message="Step Query GVT_default_DP_&#34;&#39;drink&#39;&#34; has no &#34;&#39;drinkEvent&#39;&#34;" type="skipped"></error>
      <error message="Step Using NATS Jetstream to query GVT_default has a event with payload &#34;&#39;&#39;{&#34;id&#34;:1,&#34;uid&#34;:1,&#34;name&#34;:&#34;test&#34;,&#34;price&#34;:100,&#34;kcal&#34;:50}&#39;&#39;&#34; and type is &#34;&#39;drinkEvent&#39;&#34;" type="skipped"></error>
    </testcase>
    <testcase name="The command executes successfully but does not publish to the specified DP E3(11) " status="failed" time="0.222885446">
      <failure message="Step Query GVT_default_DP_&#34;&#39;drink&#39;&#34; has no &#34;&#39;drinkEvent&#39;&#34;: expected not publish in GVT_default_DP，but now in GVT_default_DP"></failure>
      <error message="Step Using NATS Jetstream to query GVT_default has a event with payload &#34;&#39;&#39;{&#34;id&#34;:1,&#34;uid&#34;:1,&#34;name&#34;:&#34;test&#34;,&#34;price&#34;:100,&#34;kcal&#34;:50}&#39;&#39;&#34; and type is &#34;&#39;drinkEvent&#39;&#34;" type="skipped"></error>
    </testcase>
    <testcase name="The command executes successfully but does not publish to the specified DP E3(12) " status="failed" time="0.229138003">
      <failure message="Step Query GVT_default_DP_&#34;&#39;drink&#39;&#34; has no &#34;&#39;drinkEvent&#39;&#34;: expected not publish in GVT_default_DP，but now in GVT_default_DP"></failure>
      <error message="Step Using NATS Jetstream to query GVT_default has a event with payload &#34;&#39;&#39;{&#34;id&#34;:1,&#34;uid&#34;:1,&#34;name&#34;:&#34;test&#34;,&#34;price&#34;:100,&#34;kcal&#34;:50}&#39;&#39;&#34; and type is &#34;&#39;drinkEvent&#39;&#34;" type="skipped"></error>
    </testcase>
    <testcase name="The command executes successfully but does not publish to the specified DP E3(13) " status="failed" time="0.233233926">
      <failure message="Step Query GVT_default_DP_&#34;&#39;drink&#39;&#34; has no &#34;&#39;drinkEvent&#39;&#34;: expected not publish in GVT_default_DP，but now in GVT_default_DP"></failure>
      <error message="Step Using NATS Jetstream to query GVT_default has a event with payload &#34;&#39;&#39;{&#34;id&#34;:1,&#34;uid&#34;:1,&#34;name&#34;:&#34;test&#34;,&#34;price&#34;:100,&#34;kcal&#34;:50}&#39;&#39;&#34; and type is &#34;&#39;drinkEvent&#39;&#34;" type="skipped"></error>
    </testcase>
    <testcase name="The command executes successfully but does not publish to the specified DP E3(14) " status="failed" time="0.232219302">
      <failure message="Step Query GVT_default_DP_&#34;&#39;drink&#39;&#34; has no &#34;&#39;drinkEvent&#39;&#34;: expected not publish in GVT_default_DP，but now in GVT_default_DP"></failure>
      <error message="Step Using NATS Jetstream to query GVT_default has a event with payload &#34;&#39;&#39;{&#34;id&#34;:1,&#34;uid&#34;:1,&#34;name&#34;:&#34;test&#34;,&#34;price&#34;:100,&#34;kcal&#34;:50}&#39;&#39;&#34; and type is &#34;&#39;drinkEvent&#39;&#34;" type="skipped"></error>
    </testcase>
    <testcase name="The command executes successfully but does not publish to the specified DP E3(15) " status="failed" time="0.23062443">
      <failure message="Step Query GVT_default_DP_&#34;&#39;drink&#39;&#34; has no &#34;&#39;drinkEvent&#39;&#34;: expected not publish in GVT_default_DP，but now in GVT_default_DP"></failure>
      <error message="Step Using NATS Jetstream to query GVT_default has a event with payload &#34;&#39;&#39;{&#34;id&#34;:1,&#34;uid&#34;:1,&#34;name&#34;:&#34;test&#34;,&#34;price&#34;:100,&#34;kcal&#34;:50}&#39;&#39;&#34; and type is &#34;&#39;drinkEvent&#39;&#34;" type="skipped"></error>
    </testcase>
    <testcase name="The command executes successfully but does not publish to the specified DP E3(16) " status="failed" time="0.232261575">
      <failure message="Step Query GVT_default_DP_&#34;&#39;drink&#39;&#34; has no &#34;&#39;drinkEvent&#39;&#34;: expected not publish in GVT_default_DP，but now in GVT_default_DP"></failure>
      <error message="Step Using NATS Jetstream to query GVT_default has a event with payload &#34;&#39;&#39;{&#34;id&#34;:1,&#34;uid&#34;:1,&#34;name&#34;:&#34;test&#34;,&#34;price&#34;:100,&#34;kcal&#34;:50}&#39;&#39;&#34; and type is &#34;&#39;drinkEvent&#39;&#34;" type="skipped"></error>
    </testcase>
    <testcase name="The command executes successfully but does not publish to the specified DP E3(17) " status="failed" time="0.234732588">
      <failure message="Step Query GVT_default_DP_&#34;&#39;drink&#39;&#34; has no &#34;&#39;drinkEvent&#39;&#34;: expected not publish in GVT_default_DP，but now in GVT_default_DP"></failure>
      <error message="Step Using NATS Jetstream to query GVT_default has a event with payload &#34;&#39;&#39;{&#34;id&#34;:1,&#34;uid&#34;:1,&#34;name&#34;:&#34;test&#34;,&#34;price&#34;:100,&#34;kcal&#34;:50}&#39;&#39;&#34; and type is &#34;&#39;drinkEvent&#39;&#34;" type="skipped"></error>
    </testcase>
    <testcase name="The command executes successfully but does not publish to the specified DP E3(18) " status="passed" time="5.137679786"></testcase>
    <testcase name="The command executes successfully but does not publish to the specified DP E3(19) " status="failed" time="0.232781732">
      <failure message="Step Query GVT_default_DP_&#34;&#39;drink&#39;&#34; has no &#34;&#39;drinkEvent&#39;&#34;: expected not publish in GVT_default_DP，but now in GVT_default_DP"></failure>
      <error message="Step Using NATS Jetstream to query GVT_default has a event with payload &#34;&#39;&#39;{&#34;id&#34;:1,&#34;uid&#34;:1,&#34;name&#34;:&#34;test&#34;,&#34;price&#34;:100,&#34;kcal&#34;:50}&#39;&#39;&#34; and type is &#34;&#39;drinkEvent&#39;&#34;" type="skipped"></error>
    </testcase>
    <testcase name="The command executes successfully but does not publish to the specified DP E3(20) " status="failed" time="0.233130123">
      <failure message="Step Query GVT_default_DP_&#34;&#39;drink&#39;&#34; has no &#34;&#39;drinkEvent&#39;&#34;: expected not publish in GVT_default_DP，but now in GVT_default_DP"></failure>
      <error message="Step Using NATS Jetstream to query GVT_default has a event with payload &#34;&#39;&#39;{&#34;id&#34;:1,&#34;uid&#34;:1,&#34;name&#34;:&#34;test&#34;,&#34;price&#34;:100,&#34;kcal&#34;:50}&#39;&#39;&#34; and type is &#34;&#39;drinkEvent&#39;&#34;" type="skipped"></error>
    </testcase>
    <testcase name="publish for data product of the event (The same event is published to multiple data products) E4(1) " status="passed" time="0.241193999"></testcase>
    <testcase name="publish for data product of the event (Continuously publish two events with the same PK value, but the number and content of other fields are different.) E5(1) " status="passed" time="0.259248621"></testcase>
    <testcase name="verify that payloads are not combined during rapid consecutive event publishing E6(1) " status="failed" time="0.461050772">
      <failure message="Step Query GVT_default_DP_drink has 3 events in sequence: {&#34;id&#34;:1}, {&#34;id&#34;:2}, and {&#34;id&#34;:3}: payload2 is not matched, expected: {&#34;id&#34;:2}, actual: {&#34;name&#34;:&#34;test&#34;}"></failure>
    </testcase>
  </testsuite>
</testsuites>