<?xml version="1.0" encoding="UTF-8"?>
<testsuites name="" tests="63" skipped="0" failures="22" errors="0" time="93.371576482">
  <testsuite name="Data Product publish" tests="63" skipped="0" failures="22" errors="0" time="93.370535786">
    <testcase name="Publish for data product of the event (Success scenario) M(1) " status="passed" time="2.143406381"></testcase>
    <testcase name="Publish for data product of the event (Success scenario) M(2) " status="passed" time="2.144568912"></testcase>
    <testcase name="Publish for data product of the event (Success scenario) M(3) " status="passed" time="2.146260059"></testcase>
    <testcase name="Publish for data product of the event (Success scenario) M(4) " status="passed" time="2.145145032"></testcase>
    <testcase name="Publish for data product of the event (Success scenario) M(5) " status="passed" time="2.144541027"></testcase>
    <testcase name="Publish for data product of the event (Success scenario) M(6) " status="passed" time="2.144945093"></testcase>
    <testcase name="Publish for data product of the event (Success scenario) M(7) " status="passed" time="2.131352182"></testcase>
    <testcase name="Publish for data product of the event (Success scenario) M(8) " status="passed" time="2.143380078"></testcase>
    <testcase name="Publish for data product of the event (Success scenario) M(9) " status="passed" time="2.146494634"></testcase>
    <testcase name="Publish for data product of the event (Success scenario) M(10) " status="passed" time="2.144634089"></testcase>
    <testcase name="Publish for data product of the event (Success scenario) M(11) " status="passed" time="2.142812673"></testcase>
    <testcase name="Publish for data product of the event (Success scenario) M(12) " status="passed" time="2.143258427"></testcase>
    <testcase name="Publish for data product of the event (Success scenario) M(13) " status="passed" time="2.146206694"></testcase>
    <testcase name="Publish for data product of the event (Success scenario) M(14) " status="passed" time="2.145710581"></testcase>
    <testcase name="Publish for data product of the event (Success scenario) M(15) " status="passed" time="2.131237464"></testcase>
    <testcase name="Publish for data product of the event (Success scenario) M(16) " status="passed" time="2.144157632"></testcase>
    <testcase name="Publish for data product of the event (Success scenario) M(17) " status="passed" time="2.14801417"></testcase>
    <testcase name="Publish for data product of the event (Success scenario) M(18) " status="passed" time="2.148128607"></testcase>
    <testcase name="Publish for data product of the event (Success scenario) M(19) " status="passed" time="2.148624266"></testcase>
    <testcase name="Publish for data product of the event (Success scenario) M(20) " status="passed" time="2.146965904"></testcase>
    <testcase name="Publish for data product of the event (Success scenario) M(21) " status="passed" time="2.14748649"></testcase>
    <testcase name="Publish for data product of the event (Success scenario) M(22) " status="passed" time="2.1466027"></testcase>
    <testcase name="Publish for data product of the event (Success scenario) M(23) " status="passed" time="2.146894027"></testcase>
    <testcase name="Publish for data product of the event (Success scenario) M(24) " status="passed" time="2.146654754"></testcase>
    <testcase name="Publish for data product of the event (Success scenario) M(25) " status="passed" time="2.694328339"></testcase>
    <testcase name="Publish for data product of the event (Success scenario) M(26) " status="passed" time="2.148600531"></testcase>
    <testcase name="Publish for data product of the event (Success scenario) M(27) " status="passed" time="2.146883056"></testcase>
    <testcase name="Publish for data product of the event (Success scenario) M(28) " status="passed" time="2.15154727"></testcase>
    <testcase name="Publish for data product of the event (Success scenario) M(29) " status="passed" time="2.145710775"></testcase>
    <testcase name="Publish for data product of the event (Success scenario) M(30) " status="passed" time="2.139252527"></testcase>
    <testcase name="Publish for data product of the event (Success scenario) M(31) " status="passed" time="2.1456103300000002"></testcase>
    <testcase name="Publish for data product of the event (Success scenario) M(32) " status="passed" time="2.146485337"></testcase>
    <testcase name="Publish for data product of the event (Success scenario) M(33) " status="passed" time="2.147847693"></testcase>
    <testcase name="Publish for data product of the event (Success scenario) M(34) " status="passed" time="2.145080785"></testcase>
    <testcase name="Publish for data product of the event (Success scenario) M(35) " status="passed" time="2.1466127"></testcase>
    <testcase name="Similar to the successful scenario, but after publishing, update the ruleset to enabled first, then update the data product to enabled E1(1) " status="passed" time="0.137890704"></testcase>
    <testcase name="publish for data product of the event (failure scenario for the publish command) E2(1) " status="passed" time="0.631736028"></testcase>
    <testcase name="publish for data product of the event (failure scenario for the publish command) E2(2) " status="failed" time="0.12808333">
      <failure message="Step CLI returns create failed: publish should be failed"></failure>
    </testcase>
    <testcase name="publish for data product of the event (failure scenario for the publish command) E2(3) " status="failed" time="0.126941907">
      <failure message="Step CLI returns create failed: publish should be failed"></failure>
    </testcase>
    <testcase name="publish for data product of the event (failure scenario for the publish command) E2(4) " status="failed" time="0.124629684">
      <failure message="Step CLI returns create failed: publish should be failed"></failure>
    </testcase>
    <testcase name="The command executes successfully but does not publish to the specified DP E3(1) " status="failed" time="0.217273741">
      <failure message="Step Query GVT_default_DP_&#34;&#39;drink&#39;&#34; has no &#34;&#39;drinkEvent&#39;&#34;: expected not publish in GVT_default_DP，but now in GVT_default_DP"></failure>
      <error message="Step Using NATS Jetstream to query GVT_default has a event with payload &#34;&#39;&#39;{&#34;name&#34;:&#34;test&#34;}&#39;&#39;&#34; and type is &#34;&#39;drinkEvent&#39;&#34;" type="skipped"></error>
    </testcase>
    <testcase name="The command executes successfully but does not publish to the specified DP E3(2) " status="failed" time="0.218364996">
      <failure message="Step Query GVT_default_DP_&#34;&#39;drink&#39;&#34; has no &#34;&#39;drinkEvent&#39;&#34;: expected not publish in GVT_default_DP，but now in GVT_default_DP"></failure>
      <error message="Step Using NATS Jetstream to query GVT_default has a event with payload &#34;&#39;&#39;{&#34;name&#34;:&#34;test&#34;,&#34;not_exist&#34;:&#34;Hi&#34;}&#39;&#39;&#34; and type is &#34;&#39;drinkEvent&#39;&#34;" type="skipped"></error>
    </testcase>
    <testcase name="The command executes successfully but does not publish to the specified DP E3(3) " status="failed" time="0.219023815">
      <failure message="Step Query GVT_default_DP_&#34;&#39;drink&#39;&#34; has no &#34;&#39;drinkEvent&#39;&#34;: expected not publish in GVT_default_DP，but now in GVT_default_DP"></failure>
      <error message="Step Using NATS Jetstream to query GVT_default has a event with payload &#34;&#39;&#39;{&#34;not_exist&#34;:&#34;Hi&#34;}&#39;&#39;&#34; and type is &#34;&#39;drinkEvent&#39;&#34;" type="skipped"></error>
    </testcase>
    <testcase name="The command executes successfully but does not publish to the specified DP E3(4) " status="failed" time="0.219664517">
      <failure message="Step Query GVT_default_DP_&#34;&#39;drink&#39;&#34; has no &#34;&#39;drinkEvent&#39;&#34;: expected not publish in GVT_default_DP，but now in GVT_default_DP"></failure>
      <error message="Step Using NATS Jetstream to query GVT_default has a event with payload &#34;&#39;&#39;{}&#39;&#39;&#34; and type is &#34;&#39;drinkEvent&#39;&#34;" type="skipped"></error>
    </testcase>
    <testcase name="The command executes successfully but does not publish to the specified DP E3(5) " status="failed" time="0.220137132">
      <failure message="Step Query GVT_default_DP_&#34;&#39;drink&#39;&#34; has no &#34;&#39;drinkEvent&#39;&#34;: expected not publish in GVT_default_DP，but now in GVT_default_DP"></failure>
      <error message="Step Using NATS Jetstream to query GVT_default has a event with payload &#34;&#39;&#39;{&#34;name&#34;:&#34;test&#34;}&#39;&#39;&#34; and type is &#34;&#39;drinkEvent&#39;&#34;" type="skipped"></error>
    </testcase>
    <testcase name="The command executes successfully but does not publish to the specified DP E3(6) " status="failed" time="0.218453629">
      <failure message="Step Query GVT_default_DP_&#34;&#39;drink&#39;&#34; has no &#34;&#39;drinkEvent&#39;&#34;: expected not publish in GVT_default_DP，but now in GVT_default_DP"></failure>
      <error message="Step Using NATS Jetstream to query GVT_default has a event with payload &#34;&#39;&#39;{&#34;name&#34;:&#34;test&#34;,&#34;not_exist&#34;:&#34;Hi&#34;}&#39;&#39;&#34; and type is &#34;&#39;drinkEvent&#39;&#34;" type="skipped"></error>
    </testcase>
    <testcase name="The command executes successfully but does not publish to the specified DP E3(7) " status="failed" time="0.217375729">
      <failure message="Step Query GVT_default_DP_&#34;&#39;drink&#39;&#34; has no &#34;&#39;drinkEvent&#39;&#34;: expected not publish in GVT_default_DP，but now in GVT_default_DP"></failure>
      <error message="Step Using NATS Jetstream to query GVT_default has a event with payload &#34;&#39;&#39;{&#34;not_exist&#34;:&#34;Hi&#34;}&#39;&#39;&#34; and type is &#34;&#39;drinkEvent&#39;&#34;" type="skipped"></error>
    </testcase>
    <testcase name="The command executes successfully but does not publish to the specified DP E3(8) " status="failed" time="0.219335011">
      <failure message="Step Query GVT_default_DP_&#34;&#39;drink&#39;&#34; has no &#34;&#39;drinkEvent&#39;&#34;: expected not publish in GVT_default_DP，but now in GVT_default_DP"></failure>
      <error message="Step Using NATS Jetstream to query GVT_default has a event with payload &#34;&#39;&#39;{}&#39;&#39;&#34; and type is &#34;&#39;drinkEvent&#39;&#34;" type="skipped"></error>
    </testcase>
    <testcase name="The command executes successfully but does not publish to the specified DP E3(9) " status="passed" time="5.128360158"></testcase>
    <testcase name="The command executes successfully but does not publish to the specified DP E3(10) [skipped]" status="failed" time="0.005534215">
      <failure message="Step NATS has been opened: before scenario hook failed: skipped"></failure>
      <error message="Step Dispatcher has been opened" type="skipped"></error>
      <error message="Step Create data product &#34;&#39;drink&#39;&#34; using parameters &#34;&#39;[true]&#39;&#34;" type="skipped"></error>
      <error message="Step &#34;&#39;drink&#39;&#34; create ruleset &#34;&#39;drinkEvent&#39;&#34; using parameters &#34;&#39;create&#39;&#34; &#34;&#39;id&#39;&#34; &#34;&#39;./assets/empty.js&#39;&#34; &#34;&#39;./assets/schema.json&#39;&#34; &#34;&#39;[true]&#39;&#34;" type="skipped"></error>
      <error message="Step Publish Event &#34;&#39;drinkEvent&#39;&#34; using parameters &#34;&#39;&#39;{&#34;id&#34;:1,&#34;uid&#34;:1,&#34;name&#34;:&#34;test&#34;,&#34;price&#34;:100,&#34;kcal&#34;:50}&#39;&#39;&#34;" type="skipped"></error>
      <error message="Step Query GVT_default_DP_&#34;&#39;drink&#39;&#34; has no &#34;&#39;drinkEvent&#39;&#34;" type="skipped"></error>
      <error message="Step Using NATS Jetstream to query GVT_default has a event with payload &#34;&#39;&#39;{&#34;id&#34;:1,&#34;uid&#34;:1,&#34;name&#34;:&#34;test&#34;,&#34;price&#34;:100,&#34;kcal&#34;:50}&#39;&#39;&#34; and type is &#34;&#39;drinkEvent&#39;&#34;" type="skipped"></error>
    </testcase>
    <testcase name="The command executes successfully but does not publish to the specified DP E3(11) " status="failed" time="0.212115829">
      <failure message="Step Query GVT_default_DP_&#34;&#39;drink&#39;&#34; has no &#34;&#39;drinkEvent&#39;&#34;: expected not publish in GVT_default_DP，but now in GVT_default_DP"></failure>
      <error message="Step Using NATS Jetstream to query GVT_default has a event with payload &#34;&#39;&#39;{&#34;id&#34;:1,&#34;uid&#34;:1,&#34;name&#34;:&#34;test&#34;,&#34;price&#34;:100,&#34;kcal&#34;:50}&#39;&#39;&#34; and type is &#34;&#39;drinkEvent&#39;&#34;" type="skipped"></error>
    </testcase>
    <testcase name="The command executes successfully but does not publish to the specified DP E3(12) " status="failed" time="0.21780032">
      <failure message="Step Query GVT_default_DP_&#34;&#39;drink&#39;&#34; has no &#34;&#39;drinkEvent&#39;&#34;: expected not publish in GVT_default_DP，but now in GVT_default_DP"></failure>
      <error message="Step Using NATS Jetstream to query GVT_default has a event with payload &#34;&#39;&#39;{&#34;id&#34;:1,&#34;uid&#34;:1,&#34;name&#34;:&#34;test&#34;,&#34;price&#34;:100,&#34;kcal&#34;:50}&#39;&#39;&#34; and type is &#34;&#39;drinkEvent&#39;&#34;" type="skipped"></error>
    </testcase>
    <testcase name="The command executes successfully but does not publish to the specified DP E3(13) " status="failed" time="0.218615713">
      <failure message="Step Query GVT_default_DP_&#34;&#39;drink&#39;&#34; has no &#34;&#39;drinkEvent&#39;&#34;: expected not publish in GVT_default_DP，but now in GVT_default_DP"></failure>
      <error message="Step Using NATS Jetstream to query GVT_default has a event with payload &#34;&#39;&#39;{&#34;id&#34;:1,&#34;uid&#34;:1,&#34;name&#34;:&#34;test&#34;,&#34;price&#34;:100,&#34;kcal&#34;:50}&#39;&#39;&#34; and type is &#34;&#39;drinkEvent&#39;&#34;" type="skipped"></error>
    </testcase>
    <testcase name="The command executes successfully but does not publish to the specified DP E3(14) " status="failed" time="0.220120512">
      <failure message="Step Query GVT_default_DP_&#34;&#39;drink&#39;&#34; has no &#34;&#39;drinkEvent&#39;&#34;: expected not publish in GVT_default_DP，but now in GVT_default_DP"></failure>
      <error message="Step Using NATS Jetstream to query GVT_default has a event with payload &#34;&#39;&#39;{&#34;id&#34;:1,&#34;uid&#34;:1,&#34;name&#34;:&#34;test&#34;,&#34;price&#34;:100,&#34;kcal&#34;:50}&#39;&#39;&#34; and type is &#34;&#39;drinkEvent&#39;&#34;" type="skipped"></error>
    </testcase>
    <testcase name="The command executes successfully but does not publish to the specified DP E3(15) " status="failed" time="0.218674582">
      <failure message="Step Query GVT_default_DP_&#34;&#39;drink&#39;&#34; has no &#34;&#39;drinkEvent&#39;&#34;: expected not publish in GVT_default_DP，but now in GVT_default_DP"></failure>
      <error message="Step Using NATS Jetstream to query GVT_default has a event with payload &#34;&#39;&#39;{&#34;id&#34;:1,&#34;uid&#34;:1,&#34;name&#34;:&#34;test&#34;,&#34;price&#34;:100,&#34;kcal&#34;:50}&#39;&#39;&#34; and type is &#34;&#39;drinkEvent&#39;&#34;" type="skipped"></error>
    </testcase>
    <testcase name="The command executes successfully but does not publish to the specified DP E3(16) " status="failed" time="0.217625599">
      <failure message="Step Query GVT_default_DP_&#34;&#39;drink&#39;&#34; has no &#34;&#39;drinkEvent&#39;&#34;: expected not publish in GVT_default_DP，but now in GVT_default_DP"></failure>
      <error message="Step Using NATS Jetstream to query GVT_default has a event with payload &#34;&#39;&#39;{&#34;id&#34;:1,&#34;uid&#34;:1,&#34;name&#34;:&#34;test&#34;,&#34;price&#34;:100,&#34;kcal&#34;:50}&#39;&#39;&#34; and type is &#34;&#39;drinkEvent&#39;&#34;" type="skipped"></error>
    </testcase>
    <testcase name="The command executes successfully but does not publish to the specified DP E3(17) " status="failed" time="0.218403565">
      <failure message="Step Query GVT_default_DP_&#34;&#39;drink&#39;&#34; has no &#34;&#39;drinkEvent&#39;&#34;: expected not publish in GVT_default_DP，but now in GVT_default_DP"></failure>
      <error message="Step Using NATS Jetstream to query GVT_default has a event with payload &#34;&#39;&#39;{&#34;id&#34;:1,&#34;uid&#34;:1,&#34;name&#34;:&#34;test&#34;,&#34;price&#34;:100,&#34;kcal&#34;:50}&#39;&#39;&#34; and type is &#34;&#39;drinkEvent&#39;&#34;" type="skipped"></error>
    </testcase>
    <testcase name="The command executes successfully but does not publish to the specified DP E3(18) " status="passed" time="5.133167028"></testcase>
    <testcase name="The command executes successfully but does not publish to the specified DP E3(19) " status="failed" time="0.216647457">
      <failure message="Step Query GVT_default_DP_&#34;&#39;drink&#39;&#34; has no &#34;&#39;drinkEvent&#39;&#34;: expected not publish in GVT_default_DP，but now in GVT_default_DP"></failure>
      <error message="Step Using NATS Jetstream to query GVT_default has a event with payload &#34;&#39;&#39;{&#34;id&#34;:1,&#34;uid&#34;:1,&#34;name&#34;:&#34;test&#34;,&#34;price&#34;:100,&#34;kcal&#34;:50}&#39;&#39;&#34; and type is &#34;&#39;drinkEvent&#39;&#34;" type="skipped"></error>
    </testcase>
    <testcase name="The command executes successfully but does not publish to the specified DP E3(20) " status="failed" time="0.218986795">
      <failure message="Step Query GVT_default_DP_&#34;&#39;drink&#39;&#34; has no &#34;&#39;drinkEvent&#39;&#34;: expected not publish in GVT_default_DP，but now in GVT_default_DP"></failure>
      <error message="Step Using NATS Jetstream to query GVT_default has a event with payload &#34;&#39;&#39;{&#34;id&#34;:1,&#34;uid&#34;:1,&#34;name&#34;:&#34;test&#34;,&#34;price&#34;:100,&#34;kcal&#34;:50}&#39;&#39;&#34; and type is &#34;&#39;drinkEvent&#39;&#34;" type="skipped"></error>
    </testcase>
    <testcase name="publish for data product of the event (The same event is published to multiple data products) E4(1) " status="passed" time="0.224691075"></testcase>
    <testcase name="publish for data product of the event (Continuously publish two events with the same PK value, but the number and content of other fields are different.) E5(1) " status="passed" time="0.236588101"></testcase>
    <testcase name="verify that payloads are not combined during rapid consecutive event publishing E6(1) " status="failed" time="0.461091825">
      <failure message="Step Query GVT_default_DP_drink has 3 events in sequence: {&#34;id&#34;:1}, {&#34;id&#34;:2}, and {&#34;id&#34;:3}: payload2 is not matched, expected: {&#34;id&#34;:2}, actual: {&#34;name&#34;:&#34;test&#34;}"></failure>
    </testcase>
  </testsuite>
</testsuites>