<?xml version="1.0" encoding="UTF-8"?>
<testsuites name="" tests="13" skipped="0" failures="0" errors="0" time="1.7149450929999999">
  <testsuite name="Data Product update" tests="13" skipped="0" failures="0" errors="0" time="1.7134615659999999">
    <testcase name="Success scenario for updating a data product M(1) " status="passed" time="0.129161403"></testcase>
    <testcase name="Success scenario for updating a data product M(2) " status="passed" time="0.13062248"></testcase>
    <testcase name="Success scenario for updating a data product M(3) " status="passed" time="0.131457036"></testcase>
    <testcase name="Success scenario for updating a data product M(4) " status="passed" time="0.128072802"></testcase>
    <testcase name="Success scenario for updating a data product M(5) " status="passed" time="0.128997451"></testcase>
    <testcase name="Success scenario for updating a data product M(6) " status="passed" time="0.129573728"></testcase>
    <testcase name="Success scenario for updating a data product M(7) " status="passed" time="0.130276328"></testcase>
    <testcase name="Success scenario for updating a data product M(8) " status="passed" time="0.130027297"></testcase>
    <testcase name="Fail scenario for updating data product E1(1) " status="passed" time="0.130416414"></testcase>
    <testcase name="Fail scenario for updating data product E1(2) " status="passed" time="0.127684458"></testcase>
    <testcase name="Fail scenario for updating data product E1(3) " status="passed" time="0.132098496"></testcase>
    <testcase name="Fail scenario for updating data product E1(4) " status="passed" time="0.131588747"></testcase>
    <testcase name="Fail scenario for updating data product E1(5) " status="passed" time="0.131513288"></testcase>
  </testsuite>
</testsuites>